🧬 loaded config '/etc/netbox/config/configuration.py'
🧬 loaded config '/etc/netbox/config/extra.py'
🧬 loaded config '/etc/netbox/config/logging.py'
🧬 loaded config '/etc/netbox/config/plugins.py'
Exporting wiring YAML for plan: Training XOC-64 1x OPG-64 Mesh Converged SH Air 2srv (ID: 157)

[OK] Export complete: /tmp/ra_pipeline/training_xoc64_1xopg64_mesh_conv_sh_air_2srv/wiring_tmp/wiring-inb-mgmt.yaml
  plan_id:    157
  fabric:     inb-mgmt
  timestamp:  2026-04-12T23:51:43.398971+00:00
  sha256:     5b79f0f0409db1533b5942e61710511021864a1d8ac2d658b87af152f99f862c
  bytes:      8752
  lines:      432
  documents:  38

[OK] Export complete: /tmp/ra_pipeline/training_xoc64_1xopg64_mesh_conv_sh_air_2srv/wiring_tmp/wiring-scale-out.yaml
  plan_id:    157
  fabric:     scale-out
  timestamp:  2026-04-12T23:51:46.373917+00:00
  sha256:     313abbfe266f642e74a5d3efee0eaefc1d326b910d1ea8eaf91dd2f29c559ef0
  bytes:      23013
  lines:      1041
  documents:  77

[OK] Export complete: /tmp/ra_pipeline/training_xoc64_1xopg64_mesh_conv_sh_air_2srv/wiring_tmp/wiring-soc-storage.yaml
  plan_id:    157
  fabric:     soc-storage
  timestamp:  2026-04-12T23:51:49.189000+00:00
  sha256:     5a952036f0694a45523145ce2df3fb5bf4b93a1c5cae1f1cf934c8d907e54c44
  bytes:      12872
  lines:      595
  documents:  47
