🧬 loaded config '/etc/netbox/config/configuration.py'
🧬 loaded config '/etc/netbox/config/extra.py'
🧬 loaded config '/etc/netbox/config/logging.py'
🧬 loaded config '/etc/netbox/config/plugins.py'
✓ Created site: Xoc64 Sh (xoc64-sh)

Topology Plan: Training XOC-64 1x OPG-64 Mesh Converged SH
  ID: 11
  Status: draft
  Server Classes: 5
  Switch Classes: 3

✓ Recalculated switch quantities
  - inb_mgmt_leaf: calculated=1 override=None effective=1
  - oob_leaf: calculated=1 override=None effective=1

=== GENERATING OBJECTS ===

✓ Generation complete!

Created:
  Devices: 21
  Interfaces: 130
  Cables: 128

  Site: Xoc64 Sh
  Status: planned

  Tagged with: hedgehog-generated
  Custom field: hedgehog_plan_id=11

💡 Next steps:
  - View devices in NetBox UI
  - Filter by tag: hedgehog-generated
  - Or custom field: hedgehog_plan_id=11
  - Check cable connections
🧬 loaded config '/etc/netbox/config/configuration.py'
🧬 loaded config '/etc/netbox/config/extra.py'
🧬 loaded config '/etc/netbox/config/logging.py'
🧬 loaded config '/etc/netbox/config/plugins.py'

[OK] Export complete: /tmp/ra_pipeline/training_xoc64_1xopg64_mesh_conv_sh/netbox/plan_inventory.json
  plan_id:    11
  sha256:     d8ca068637172e4c2527641107af56d75783cae22892f0499ee5e233992cfea1
  bytes:      315225
  lines:      12750
  devices:    21
  modules:    259
  interfaces: 481
  cables:     128
🧬 loaded config '/etc/netbox/config/configuration.py'
🧬 loaded config '/etc/netbox/config/extra.py'
🧬 loaded config '/etc/netbox/config/logging.py'
🧬 loaded config '/etc/netbox/config/plugins.py'

[OK] Export complete: /tmp/ra_pipeline/training_xoc64_1xopg64_mesh_conv_sh/netbox/interface_connections.csv
  plan_id:    11
  sha256:     930615e57ab328ccd4ddb90a1965294850fee62c5a9a50e1696d6fcc9b1d766d
  bytes:      12398
  rows:       128
