🧬 loaded config '/etc/netbox/config/configuration.py'
🧬 loaded config '/etc/netbox/config/extra.py'
🧬 loaded config '/etc/netbox/config/logging.py'
🧬 loaded config '/etc/netbox/config/plugins.py'
✓ Created site: Xoc512 1Xopg512 Clos Ro (xoc512-1xopg512-clos-ro)

Topology Plan: Training XOC-512 1x OPG-512 Clos RO
  ID: 29
  Status: draft
  Server Classes: 1
  Switch Classes: 4

✓ Recalculated switch quantities
  - be-rail-leaf: calculated=8 override=None effective=8
  - fe-leaf: calculated=2 override=None effective=2
  - be-spine: calculated=4 override=None effective=4
  - fe-spine: calculated=1 override=None effective=1

=== GENERATING OBJECTS ===

✓ Generation complete!

Created:
  Devices: 79
  Interfaces: 1280
  Cables: 960

  Site: Xoc512 1Xopg512 Clos Ro
  Status: planned

  Tagged with: hedgehog-generated
  Custom field: hedgehog_plan_id=29

💡 Next steps:
  - View devices in NetBox UI
  - Filter by tag: hedgehog-generated
  - Or custom field: hedgehog_plan_id=29
  - Check cable connections
🧬 loaded config '/etc/netbox/config/configuration.py'
🧬 loaded config '/etc/netbox/config/extra.py'
🧬 loaded config '/etc/netbox/config/logging.py'
🧬 loaded config '/etc/netbox/config/plugins.py'

[OK] Export complete: /tmp/ra_pipeline/training_xoc512_1xopg512_clos_ro/netbox/plan_inventory.json
  plan_id:    29
  sha256:     30d39da24be3b43638ca822cc085d78007e19053eddfe2a3f051c486e6101374
  bytes:      2029836
  lines:      83403
  devices:    79
  modules:    2144
  interfaces: 2270
  cables:     960
🧬 loaded config '/etc/netbox/config/configuration.py'
🧬 loaded config '/etc/netbox/config/extra.py'
🧬 loaded config '/etc/netbox/config/logging.py'
🧬 loaded config '/etc/netbox/config/plugins.py'

[OK] Export complete: /tmp/ra_pipeline/training_xoc512_1xopg512_clos_ro/netbox/interface_connections.csv
  plan_id:    29
  sha256:     3c1f6abde9994e2f87b5b7b3c4e2bcad199f8517f41f325b2c8cccc3ea117164
  bytes:      72942
  rows:       960
