🧬 loaded config '/etc/netbox/config/configuration.py'
🧬 loaded config '/etc/netbox/config/extra.py'
🧬 loaded config '/etc/netbox/config/logging.py'
🧬 loaded config '/etc/netbox/config/plugins.py'

Topology Plan: Training XOC-256 2x OPG-128 Clos RO
  ID: 15
  Status: draft
  Server Classes: 1
  Switch Classes: 4

✓ Recalculated switch quantities
  - be-rail-leaf: calculated=4 override=None effective=4
  - fe-leaf: calculated=2 override=None effective=2
  - be-spine: calculated=2 override=None effective=2
  - fe-spine: calculated=1 override=None effective=1

=== GENERATING OBJECTS ===

✓ Generation complete!

Created:
  Devices: 41
  Interfaces: 704
  Cables: 512

  Site: Xoc256 Clos Ro Air 2Srv
  Status: planned

  Tagged with: hedgehog-generated
  Custom field: hedgehog_plan_id=15

💡 Next steps:
  - View devices in NetBox UI
  - Filter by tag: hedgehog-generated
  - Or custom field: hedgehog_plan_id=15
  - Check cable connections
🧬 loaded config '/etc/netbox/config/configuration.py'
🧬 loaded config '/etc/netbox/config/extra.py'
🧬 loaded config '/etc/netbox/config/logging.py'
🧬 loaded config '/etc/netbox/config/plugins.py'

[OK] Export complete: /tmp/ra_pipeline/training_xoc256_2xopg128_clos_ro/netbox/plan_inventory.json
  plan_id:    15
  sha256:     3d7e98edfa8392f6dff251d4336ebbf145ccf62a9c7609d4df14acb88fc82e68
  bytes:      1080929
  lines:      44751
  devices:    41
  modules:    1136
  interfaces: 1234
  cables:     512
🧬 loaded config '/etc/netbox/config/configuration.py'
🧬 loaded config '/etc/netbox/config/extra.py'
🧬 loaded config '/etc/netbox/config/logging.py'
🧬 loaded config '/etc/netbox/config/plugins.py'

[OK] Export complete: /tmp/ra_pipeline/training_xoc256_2xopg128_clos_ro/netbox/interface_connections.csv
  plan_id:    15
  sha256:     a1bb126b91a7c97eb3f3e85a9b701e0f40b00e01eb14bcb4859293ef164f3269
  bytes:      38152
  rows:       512
